2019-04-10 08:54:13,345 - INFO: loading data...
2019-04-10 08:54:13,471 - INFO: Done
2019-04-10 08:54:13,471 - INFO: Loading model...
2019-04-10 08:54:13,482 - INFO: done
2019-04-10 08:54:13,482 - INFO: SuperPointNet(
  (relu): ReLU(inplace)
  (pool): MaxPool2d(kernel_size=2, stride=2, padding=0, dilation=1, ceil_mode=False)
  (conv1a): Conv2d(1, 64, kernel_size=(3, 3), stride=(1, 1), padding=(1, 1))
  (bn1a): BatchNorm2d(64, eps=1e-05, momentum=0.1, affine=True, track_running_stats=True)
  (conv1b): Conv2d(64, 64, kernel_size=(3, 3), stride=(1, 1), padding=(1, 1))
  (bn1b): BatchNorm2d(64, eps=1e-05, momentum=0.1, affine=True, track_running_stats=True)
  (conv2a): Conv2d(64, 64, kernel_size=(3, 3), stride=(1, 1), padding=(1, 1))
  (bn2a): BatchNorm2d(64, eps=1e-05, momentum=0.1, affine=True, track_running_stats=True)
  (conv2b): Conv2d(64, 64, kernel_size=(3, 3), stride=(1, 1), padding=(1, 1))
  (bn2b): BatchNorm2d(64, eps=1e-05, momentum=0.1, affine=True, track_running_stats=True)
  (conv3a): Conv2d(64, 128, kernel_size=(3, 3), stride=(1, 1), padding=(1, 1))
  (bn3a): BatchNorm2d(128, eps=1e-05, momentum=0.1, affine=True, track_running_stats=True)
  (conv3b): Conv2d(128, 128, kernel_size=(3, 3), stride=(1, 1), padding=(1, 1))
  (bn3b): BatchNorm2d(128, eps=1e-05, momentum=0.1, affine=True, track_running_stats=True)
  (conv4a): Conv2d(128, 128, kernel_size=(3, 3), stride=(1, 1), padding=(1, 1))
  (bn4a): BatchNorm2d(128, eps=1e-05, momentum=0.1, affine=True, track_running_stats=True)
  (conv4b): Conv2d(128, 128, kernel_size=(3, 3), stride=(1, 1), padding=(1, 1))
  (bn4b): BatchNorm2d(128, eps=1e-05, momentum=0.1, affine=True, track_running_stats=True)
  (convPa): Conv2d(128, 256, kernel_size=(3, 3), stride=(1, 1), padding=(1, 1))
  (bnPa): BatchNorm2d(256, eps=1e-05, momentum=0.1, affine=True, track_running_stats=True)
  (convPb): Conv2d(256, 65, kernel_size=(1, 1), stride=(1, 1))
  (bnPb): BatchNorm2d(65, eps=1e-05, momentum=0.1, affine=True, track_running_stats=True)
  (convDa): Conv2d(128, 256, kernel_size=(3, 3), stride=(1, 1), padding=(1, 1))
  (convDb): Conv2d(256, 256, kernel_size=(1, 1), stride=(1, 1))
)
2019-04-10 08:54:13,483 - INFO: Start training
2019-04-10 10:03:22,648 - INFO: epoch:1,batch:1000,AVG.loss:2.9075619617700577
2019-04-10 10:03:23,983 - INFO: save model to /home/luo3300612/Workspace/PycharmWS/mySuperPoint/superpoint/model/result/epoch1_iter1000
2019-04-10 10:05:13,212 - INFO: AVG. test loss:1.8960535977681479
2019-04-10 11:42:05,268 - INFO: epoch:2,batch:1000,AVG.loss:1.413729419976473
2019-04-10 11:42:06,569 - INFO: save model to /home/luo3300612/Workspace/PycharmWS/mySuperPoint/superpoint/model/result/epoch2_iter1000
2019-04-10 11:43:57,303 - INFO: AVG. test loss:0.4468129710091485
2019-04-10 13:20:55,381 - INFO: epoch:3,batch:1000,AVG.loss:0.367291805639863
2019-04-10 13:20:56,685 - INFO: save model to /home/luo3300612/Workspace/PycharmWS/mySuperPoint/superpoint/model/result/epoch3_iter1000
2019-04-10 13:22:46,342 - INFO: AVG. test loss:0.15083969916237724
2019-04-10 14:59:28,406 - INFO: epoch:4,batch:1000,AVG.loss:0.14563827649503946
2019-04-10 14:59:28,999 - INFO: save model to /home/luo3300612/Workspace/PycharmWS/mySuperPoint/superpoint/model/result/epoch4_iter1000
2019-04-10 15:01:16,481 - INFO: AVG. test loss:0.0735220600300365
2019-04-10 16:38:26,564 - INFO: epoch:5,batch:1000,AVG.loss:0.07699244477227331
2019-04-10 16:38:27,098 - INFO: save model to /home/luo3300612/Workspace/PycharmWS/mySuperPoint/superpoint/model/result/epoch5_iter1000
2019-04-10 16:40:14,574 - INFO: AVG. test loss:0.04469678325454394
2019-04-10 18:17:27,903 - INFO: epoch:6,batch:1000,AVG.loss:0.04828364321775734
2019-04-10 18:17:28,478 - INFO: save model to /home/luo3300612/Workspace/PycharmWS/mySuperPoint/superpoint/model/result/epoch6_iter1000
2019-04-10 18:19:19,798 - INFO: AVG. test loss:0.030660908957322437
2019-04-10 20:02:08,726 - INFO: epoch:7,batch:1000,AVG.loss:0.03446528572775424
2019-04-10 20:02:09,296 - INFO: save model to /home/luo3300612/Workspace/PycharmWS/mySuperPoint/superpoint/model/result/epoch7_iter1000
2019-04-10 20:04:03,313 - INFO: AVG. test loss:0.024249189320537778
2019-04-10 21:45:33,085 - INFO: epoch:8,batch:1000,AVG.loss:0.02718114468548447
2019-04-10 21:45:33,619 - INFO: save model to /home/luo3300612/Workspace/PycharmWS/mySuperPoint/superpoint/model/result/epoch8_iter1000
2019-04-10 21:47:25,627 - INFO: AVG. test loss:0.020803625469406447
2019-04-10 23:29:14,171 - INFO: epoch:9,batch:1000,AVG.loss:0.02271505019906908
2019-04-10 23:29:14,759 - INFO: save model to /home/luo3300612/Workspace/PycharmWS/mySuperPoint/superpoint/model/result/epoch9_iter1000
2019-04-10 23:31:13,115 - INFO: AVG. test loss:0.0196262994888756
2019-04-11 01:15:10,668 - INFO: epoch:10,batch:1000,AVG.loss:0.020005135618150233
2019-04-11 01:15:11,218 - INFO: save model to /home/luo3300612/Workspace/PycharmWS/mySuperPoint/superpoint/model/result/epoch10_iter1000
2019-04-11 01:17:03,942 - INFO: AVG. test loss:0.01821187618209256
